foundProcess: bun run /home/daichi/.config/eww/scripts/wifi/index.ts main
bun run /home/daichi/.config/eww/scripts/wifi/index.ts main

processNotRunning false
foundProcess: bun run /home/daichi/.config/eww/scripts/swaync/index.ts main
bun run /home/daichi/.config/eww/scripts/swaync/index.ts main

processNotRunning false
foundProcess: bun run /home/daichi/.config/eww/scripts/swaync/index.ts main
bun run /home/daichi/.config/eww/scripts/swaync/index.ts main

processNotRunning false
foundProcess: bun run /home/daichi/.config/eww/scripts/wifi/index.ts main
bun run /home/daichi/.config/eww/scripts/wifi/index.ts main

processNotRunning false
foundProcess: bun run /home/daichi/.config/eww/scripts/swaync/index.ts main
bun run /home/daichi/.config/eww/scripts/swaync/index.ts main

processNotRunning false
foundProcess: bun run /home/daichi/.config/eww/scripts/wifi/index.ts main
bun run /home/daichi/.config/eww/scripts/wifi/index.ts main

processNotRunning false
foundProcess: bun run /home/daichi/.config/eww/scripts/swaync/index.ts main
bun run /home/daichi/.config/eww/scripts/swaync/index.ts main

processNotRunning false
foundProcess: bun run /home/daichi/.config/eww/scripts/wifi/index.ts main
bun run /home/daichi/.config/eww/scripts/wifi/index.ts main

processNotRunning false
foundProcess: bun run /home/daichi/.config/eww/scripts/swaync/index.ts main
bun run /home/daichi/.config/eww/scripts/swaync/index.ts main

processNotRunning false
foundProcess: bun run /home/daichi/.config/eww/scripts/wifi/index.ts main
bun run /home/daichi/.config/eww/scripts/wifi/index.ts main

processNotRunning false
foundProcess: bun run /home/daichi/.config/eww/scripts/swaync/index.ts main
bun run /home/daichi/.config/eww/scripts/swaync/index.ts main

processNotRunning false
foundProcess: bun run /home/daichi/.config/eww/scripts/wifi/index.ts main
bun run /home/daichi/.config/eww/scripts/wifi/index.ts main

processNotRunning false
foundProcess: bun run /home/daichi/.config/eww/scripts/swaync/index.ts main
bun run /home/daichi/.config/eww/scripts/swaync/index.ts main

processNotRunning false
foundProcess: bun run /home/daichi/.config/eww/scripts/wifi/index.ts main
bun run /home/daichi/.config/eww/scripts/wifi/index.ts main

processNotRunning false
foundProcess: bun run /home/daichi/.config/eww/scripts/swaync/index.ts main
bun run /home/daichi/.config/eww/scripts/swaync/index.ts main

processNotRunning false
foundProcess: bun run /home/daichi/.config/eww/scripts/wifi/index.ts main
bun run /home/daichi/.config/eww/scripts/wifi/index.ts main

processNotRunning false
foundProcess: bun run /home/daichi/.config/eww/scripts/swaync/index.ts main
bun run /home/daichi/.config/eww/scripts/swaync/index.ts main

processNotRunning false
foundProcess: bun run /home/daichi/.config/eww/scripts/wifi/index.ts main
bun run /home/daichi/.config/eww/scripts/wifi/index.ts main

processNotRunning false
foundProcess: bun run /home/daichi/.config/eww/scripts/wifi/index.ts main
bun run /home/daichi/.config/eww/scripts/wifi/index.ts main

processNotRunning false
foundProcess: bun run /home/daichi/.config/eww/scripts/swaync/index.ts main
bun run /home/daichi/.config/eww/scripts/swaync/index.ts main

processNotRunning false
foundProcess: bun run /home/daichi/.config/eww/scripts/swaync/index.ts main
bun run /home/daichi/.config/eww/scripts/swaync/index.ts main

processNotRunning false
foundProcess: bun run /home/daichi/.config/eww/scripts/wifi/index.ts main
bun run /home/daichi/.config/eww/scripts/wifi/index.ts main

processNotRunning false
foundProcess: bun run /home/daichi/.config/eww/scripts/swaync/index.ts main
bun run /home/daichi/.config/eww/scripts/swaync/index.ts main

processNotRunning false
foundProcess: bun run /home/daichi/.config/eww/scripts/wifi/index.ts main
bun run /home/daichi/.config/eww/scripts/wifi/index.ts main

processNotRunning false
foundProcess: bun run /home/daichi/.config/eww/scripts/swaync/index.ts main
bun run /home/daichi/.config/eww/scripts/swaync/index.ts main

processNotRunning false
foundProcess: bun run /home/daichi/.config/eww/scripts/wifi/index.ts main
bun run /home/daichi/.config/eww/scripts/wifi/index.ts main

processNotRunning false
foundProcess: bun run /home/daichi/.config/eww/scripts/swaync/index.ts main
bun run /home/daichi/.config/eww/scripts/swaync/index.ts main

processNotRunning false
foundProcess: bun run /home/daichi/.config/eww/scripts/wifi/index.ts main
bun run /home/daichi/.config/eww/scripts/wifi/index.ts main

processNotRunning false
foundProcess: bun run /home/daichi/.config/eww/scripts/wifi/index.ts main
bun run /home/daichi/.config/eww/scripts/wifi/index.ts main

processNotRunning false
foundProcess: bun run /home/daichi/.config/eww/scripts/swaync/index.ts main
bun run /home/daichi/.config/eww/scripts/swaync/index.ts main

processNotRunning false
